<?xml version="1.0" encoding="UTF-8"?>
<!-- Generated by org.testng.reporters.JUnitReportReporter -->
<testsuite skipped="0" hostname="INTEL-PC" name="com.qa.crm.testcases.LoginPageTest" tests="4" failures="0" timestamp="2022-02-18T22:25:37 IST" time="196.431" errors="0">
  <testcase name="loginWithValidDetails" time="38.395" classname="com.qa.crm.testcases.LoginPageTest"/>
  <system-out/>
  <testcase name="loginWithOutUserName" time="66.442" classname="com.qa.crm.testcases.LoginPageTest"/>
  <system-out/>
  <testcase name="loginWithOutPassword" time="48.490" classname="com.qa.crm.testcases.LoginPageTest"/>
  <system-out/>
  <testcase name="loginWithBothNull" time="43.104" classname="com.qa.crm.testcases.LoginPageTest"/>
  <system-out/>
</testsuite> <!-- com.qa.crm.testcases.LoginPageTest -->
